[2026-04-09 10:53:43] menu_choice size=1600x900 target=hwnd=0x2af2122 title=ODIN class=UnrealWindow hit=0 window=974x547@-16,74 client=958x508@-8,105 path=menu:1600x900
[2026-04-09 10:53:43] resize_begin size=1600x900 hwnd=0x2af2122 title=ODIN class=UnrealWindow hit=0 window=974x547@-16,74 client=958x508@-8,105 path=menu:1600x900
[2026-04-09 10:53:44] resize_fail size=1600x900 before=958x508@-8,105 after=958x508@-8,105 last_error=0 style=0x14cf0000 exstyle=0x40100 path=drag hwnd=0x2af2122 title=ODIN class=UnrealWindow hit=0 window=974x547@-16,74 client=958x508@-8,105 path=menu:1600x900
[2026-04-09 10:53:53] menu_choice size=1920x1080 target=hwnd=0x2af2122 title=ODIN class=UnrealWindow hit=0 window=974x547@-16,74 client=958x508@-8,105 path=menu:1920x1080
[2026-04-09 10:53:53] resize_begin size=1920x1080 hwnd=0x2af2122 title=ODIN class=UnrealWindow hit=0 window=974x547@-16,74 client=958x508@-8,105 path=menu:1920x1080
[2026-04-09 10:53:54] resize_fail size=1920x1080 before=958x508@-8,105 after=958x508@-8,105 last_error=0 style=0x14cf0000 exstyle=0x40100 path=drag hwnd=0x2af2122 title=ODIN class=UnrealWindow hit=0 window=974x547@-16,74 client=958x508@-8,105 path=menu:1920x1080
[2026-04-09 10:54:02] menu_choice size=1600x900 target=hwnd=0x2af2122 title=ODIN class=UnrealWindow hit=0 window=974x547@-16,74 client=958x508@-8,105 path=menu:1600x900
[2026-04-09 10:54:02] resize_begin size=1600x900 hwnd=0x2af2122 title=ODIN class=UnrealWindow hit=0 window=974x547@-16,74 client=958x508@-8,105 path=menu:1600x900
[2026-04-09 10:54:03] resize_fail size=1600x900 before=958x508@-8,105 after=958x508@-8,105 last_error=0 style=0x14cf0000 exstyle=0x40100 path=drag hwnd=0x2af2122 title=ODIN class=UnrealWindow hit=0 window=974x547@-16,74 client=958x508@-8,105 path=menu:1600x900
[2026-04-09 10:54:04] menu_choice size=1600x900 target=hwnd=0x2af2122 title=ODIN class=UnrealWindow hit=0 window=974x547@-16,74 client=958x508@-8,105 path=menu:1600x900
[2026-04-09 10:54:04] resize_begin size=1600x900 hwnd=0x2af2122 title=ODIN class=UnrealWindow hit=0 window=974x547@-16,74 client=958x508@-8,105 path=menu:1600x900
[2026-04-09 10:54:05] resize_fail size=1600x900 before=958x508@-8,105 after=958x508@-8,105 last_error=0 style=0x14cf0000 exstyle=0x40100 path=drag hwnd=0x2af2122 title=ODIN class=UnrealWindow hit=0 window=974x547@-16,74 client=958x508@-8,105 path=menu:1600x900
[2026-04-09 10:59:15] menu_choice size=1600x900 target=hwnd=0x2af2122 title=ODIN class=UnrealWindow hit=0 window=974x547@-16,74 client=958x508@-8,105 path=menu:1600x900
[2026-04-09 10:59:15] resize_begin size=1600x900 hwnd=0x2af2122 title=ODIN class=UnrealWindow hit=0 window=974x547@-16,74 client=958x508@-8,105 path=menu:1600x900
[2026-04-09 10:59:15] drag_begin hwnd=0x2af2122 window=974x547@-16,74 start=(954,617) end=(1596,1009) target=1616x939
[2026-04-09 10:59:15] drag_end hwnd=0x2af2122 start_ok=0 final_cursor=(1596,1009) window=974x547@-16,74 client=958x508@-8,105
[2026-04-09 10:59:16] resize_fail size=1600x900 before=958x508@-8,105 after=958x508@-8,105 last_error=0 style=0x14cf0000 exstyle=0x40100 path=drag hwnd=0x2af2122 title=ODIN class=UnrealWindow hit=0 window=974x547@-16,74 client=958x508@-8,105 path=menu:1600x900
[2026-04-09 10:59:22] menu_choice size=1920x1080 target=hwnd=0x2af2122 title=ODIN class=UnrealWindow hit=0 window=974x547@-16,74 client=958x508@-8,105 path=menu:1920x1080
[2026-04-09 10:59:22] resize_begin size=1920x1080 hwnd=0x2af2122 title=ODIN class=UnrealWindow hit=0 window=974x547@-16,74 client=958x508@-8,105 path=menu:1920x1080
[2026-04-09 10:59:22] drag_begin hwnd=0x2af2122 window=974x547@-16,74 start=(954,617) end=(1916,1189) target=1936x1119
[2026-04-09 10:59:22] drag_end hwnd=0x2af2122 start_ok=0 final_cursor=(1916,1189) window=974x547@-16,74 client=958x508@-8,105
[2026-04-09 10:59:23] resize_fail size=1920x1080 before=958x508@-8,105 after=958x508@-8,105 last_error=0 style=0x14cf0000 exstyle=0x40100 path=drag hwnd=0x2af2122 title=ODIN class=UnrealWindow hit=0 window=974x547@-16,74 client=958x508@-8,105 path=menu:1920x1080
[2026-04-09 11:07:34] menu_choice size=1600x900 target=hwnd=0x2af2122 title=ODIN class=UnrealWindow hit=0 window=974x547@-16,74 client=958x508@-8,105 path=menu:1600x900
[2026-04-09 11:07:34] resize_begin size=1600x900 hwnd=0x2af2122 title=ODIN class=UnrealWindow hit=0 window=974x547@-16,74 client=958x508@-8,105 path=menu:1600x900
[2026-04-09 11:07:34] drag_begin hwnd=0x2af2122 window=974x547@-16,74 start=(954,617) end=(1596,1009) target=1616x939 before_cursor=(979, 93) capture=0x0 clip=3840x2160@0,0 start_point_hwnd=0x2af2122 end_point_hwnd=0x301cdc start_hit=0 end_hit=0
[2026-04-09 11:07:35] drag_end hwnd=0x2af2122 start_ok=1 start_last_error=0 before_cursor=(979, 93) after_start_cursor=(954, 617) start_point_hwnd=0x2af2122 after_start_point_hwnd=0x2af2122 capture_after_down=0x0 final_cursor=(1570, 1005) window=974x547@-16,74 client=958x508@-8,105 clip=3840x2160@0,0
[2026-04-09 11:07:35] resize_fail size=1600x900 before=958x508@-8,105 after=958x508@-8,105 last_error=0 style=0x14cf0000 exstyle=0x40100 path=drag hwnd=0x2af2122 title=ODIN class=UnrealWindow hit=0 window=974x547@-16,74 client=958x508@-8,105 path=menu:1600x900
[2026-04-09 11:07:47] menu_choice size=1920x1080 target=hwnd=0x2af2122 title=ODIN class=UnrealWindow hit=0 window=974x547@-16,74 client=958x508@-8,105 path=menu:1920x1080
[2026-04-09 11:07:47] resize_begin size=1920x1080 hwnd=0x2af2122 title=ODIN class=UnrealWindow hit=0 window=974x547@-16,74 client=958x508@-8,105 path=menu:1920x1080
[2026-04-09 11:07:47] drag_begin hwnd=0x2af2122 window=974x547@-16,74 start=(954,617) end=(1916,1189) target=1936x1119 before_cursor=(952, 101) capture=0x0 clip=3840x2160@0,0 start_point_hwnd=0x2af2122 end_point_hwnd=0x301cdc start_hit=0 end_hit=0
[2026-04-09 11:07:47] drag_end hwnd=0x2af2122 start_ok=0 start_last_error=0 before_cursor=(952, 101) after_start_cursor=(950, 101) start_point_hwnd=0x2af2122 after_start_point_hwnd=0x2af2122 capture_after_down=0x0 final_cursor=(949, 101) window=974x547@-16,74 client=958x508@-8,105 clip=3840x2160@0,0
[2026-04-09 11:07:48] resize_fail size=1920x1080 before=958x508@-8,105 after=958x508@-8,105 last_error=0 style=0x14cf0000 exstyle=0x40100 path=drag hwnd=0x2af2122 title=ODIN class=UnrealWindow hit=0 window=974x547@-16,74 client=958x508@-8,105 path=menu:1920x1080
[2026-04-09 11:14:15] menu_choice size=1600x900 target=hwnd=0x2af2122 title=ODIN class=UnrealWindow hit=0 window=974x547@-6,23 client=958x508@2,54 path=menu:1600x900
[2026-04-09 11:14:15] resize_begin size=1600x900 hwnd=0x2af2122 title=ODIN class=UnrealWindow hit=0 window=974x547@-6,23 client=958x508@2,54 path=menu:1600x900
[2026-04-09 11:14:15] drag_begin hwnd=0x2af2122 window=974x547@-6,23 start=(964,566) end=(1606,958) target=1616x939 before_cursor=(935, 34) capture=0x0 clip=3840x2160@0,0 start_point_hwnd=0x2af2122 end_point_hwnd=0x402cc start_hit=0 end_hit=0
[2026-04-09 11:14:15] drag_end hwnd=0x2af2122 start_ok=0 start_last_error=0 before_cursor=(935, 34) after_start_cursor=(935, 34) start_point_hwnd=0x2af2122 after_start_point_hwnd=0x2af2122 capture_after_down=0x0 final_cursor=(930, 33) window=974x547@-6,23 client=958x508@2,54 clip=3840x2160@0,0
[2026-04-09 11:14:16] resize_fail size=1600x900 before=958x508@2,54 after=958x508@2,54 last_error=0 style=0x14cf0000 exstyle=0x40100 path=drag hwnd=0x2af2122 title=ODIN class=UnrealWindow hit=0 window=974x547@-6,23 client=958x508@2,54 path=menu:1600x900
[2026-04-09 11:14:21] menu_choice size=1920x1080 target=hwnd=0x2af2122 title=ODIN class=UnrealWindow hit=0 window=974x547@-6,23 client=958x508@2,54 path=menu:1920x1080
[2026-04-09 11:14:21] resize_begin size=1920x1080 hwnd=0x2af2122 title=ODIN class=UnrealWindow hit=0 window=974x547@-6,23 client=958x508@2,54 path=menu:1920x1080
[2026-04-09 11:14:21] drag_begin hwnd=0x2af2122 window=974x547@-6,23 start=(964,566) end=(1926,1138) target=1936x1119 before_cursor=(951, 54) capture=0x0 clip=3840x2160@0,0 start_point_hwnd=0x2af2122 end_point_hwnd=0x301cdc start_hit=0 end_hit=0
[2026-04-09 11:14:21] drag_end hwnd=0x2af2122 start_ok=0 start_last_error=0 before_cursor=(951, 54) after_start_cursor=(951, 54) start_point_hwnd=0x2af2122 after_start_point_hwnd=0x2af2122 capture_after_down=0x0 final_cursor=(940, 43) window=974x547@-6,23 client=958x508@2,54 clip=3840x2160@0,0
[2026-04-09 11:14:21] resize_fail size=1920x1080 before=958x508@2,54 after=958x508@2,54 last_error=0 style=0x14cf0000 exstyle=0x40100 path=drag hwnd=0x2af2122 title=ODIN class=UnrealWindow hit=0 window=974x547@-6,23 client=958x508@2,54 path=menu:1920x1080
[2026-04-09 11:14:26] menu_choice size=1600x900 target=hwnd=0x2af2122 title=ODIN class=UnrealWindow hit=0 window=974x547@-6,23 client=958x508@2,54 path=menu:1600x900
[2026-04-09 11:14:26] resize_begin size=1600x900 hwnd=0x2af2122 title=ODIN class=UnrealWindow hit=0 window=974x547@-6,23 client=958x508@2,54 path=menu:1600x900
[2026-04-09 11:14:26] drag_begin hwnd=0x2af2122 window=974x547@-6,23 start=(964,566) end=(1606,958) target=1616x939 before_cursor=(946, 36) capture=0x0 clip=3840x2160@0,0 start_point_hwnd=0x2af2122 end_point_hwnd=0x402cc start_hit=0 end_hit=0
[2026-04-09 11:14:27] drag_end hwnd=0x2af2122 start_ok=0 start_last_error=0 before_cursor=(946, 36) after_start_cursor=(945, 36) start_point_hwnd=0x2af2122 after_start_point_hwnd=0x2af2122 capture_after_down=0x0 final_cursor=(945, 36) window=974x547@-6,23 client=958x508@2,54 clip=3840x2160@0,0
[2026-04-09 11:14:27] resize_fail size=1600x900 before=958x508@2,54 after=958x508@2,54 last_error=0 style=0x14cf0000 exstyle=0x40100 path=drag hwnd=0x2af2122 title=ODIN class=UnrealWindow hit=0 window=974x547@-6,23 client=958x508@2,54 path=menu:1600x900
[2026-04-09 11:14:44] menu_choice size=1600x900 target=hwnd=0x2af2122 title=ODIN class=UnrealWindow hit=0 window=974x547@-6,23 client=958x508@2,54 path=menu:1600x900
[2026-04-09 11:14:44] resize_begin size=1600x900 hwnd=0x2af2122 title=ODIN class=UnrealWindow hit=0 window=974x547@-6,23 client=958x508@2,54 path=menu:1600x900
[2026-04-09 11:14:44] drag_begin hwnd=0x2af2122 window=974x547@-6,23 start=(964,566) end=(1606,958) target=1616x939 before_cursor=(930, 38) capture=0x0 clip=3840x2160@0,0 start_point_hwnd=0x2af2122 end_point_hwnd=0x402cc start_hit=0 end_hit=0
[2026-04-09 11:14:44] drag_end hwnd=0x2af2122 start_ok=0 start_last_error=0 before_cursor=(930, 38) after_start_cursor=(929, 38) start_point_hwnd=0x2af2122 after_start_point_hwnd=0x2af2122 capture_after_down=0x0 final_cursor=(929, 37) window=974x547@-6,23 client=958x508@2,54 clip=3840x2160@0,0
[2026-04-09 11:14:45] resize_fail size=1600x900 before=958x508@2,54 after=958x508@2,54 last_error=0 style=0x14cf0000 exstyle=0x40100 path=drag hwnd=0x2af2122 title=ODIN class=UnrealWindow hit=0 window=974x547@-6,23 client=958x508@2,54 path=menu:1600x900
[2026-04-09 11:14:48] menu_choice size=1600x900 target=hwnd=0x2af2122 title=ODIN class=UnrealWindow hit=0 window=974x547@-6,23 client=958x508@2,54 path=menu:1600x900
[2026-04-09 11:14:48] resize_begin size=1600x900 hwnd=0x2af2122 title=ODIN class=UnrealWindow hit=0 window=974x547@-6,23 client=958x508@2,54 path=menu:1600x900
[2026-04-09 11:14:48] drag_begin hwnd=0x2af2122 window=974x547@-6,23 start=(964,566) end=(1606,958) target=1616x939 before_cursor=(938, 36) capture=0x0 clip=3840x2160@0,0 start_point_hwnd=0x2af2122 end_point_hwnd=0x402cc start_hit=0 end_hit=0
[2026-04-09 11:14:48] drag_end hwnd=0x2af2122 start_ok=0 start_last_error=0 before_cursor=(938, 36) after_start_cursor=(938, 35) start_point_hwnd=0x2af2122 after_start_point_hwnd=0x2af2122 capture_after_down=0x0 final_cursor=(928, 20) window=974x547@-6,23 client=958x508@2,54 clip=3840x2160@0,0
[2026-04-09 11:14:48] resize_fail size=1600x900 before=958x508@2,54 after=958x508@2,54 last_error=0 style=0x14cf0000 exstyle=0x40100 path=drag hwnd=0x2af2122 title=ODIN class=UnrealWindow hit=0 window=974x547@-6,23 client=958x508@2,54 path=menu:1600x900
[2026-04-09 11:14:51] menu_choice size=1600x900 target=hwnd=0x2af2122 title=ODIN class=UnrealWindow hit=0 window=974x547@-6,23 client=958x508@2,54 path=menu:1600x900
[2026-04-09 11:14:51] resize_begin size=1600x900 hwnd=0x2af2122 title=ODIN class=UnrealWindow hit=0 window=974x547@-6,23 client=958x508@2,54 path=menu:1600x900
[2026-04-09 11:14:51] drag_begin hwnd=0x2af2122 window=974x547@-6,23 start=(964,566) end=(1606,958) target=1616x939 before_cursor=(967, 41) capture=0x0 clip=3840x2160@0,0 start_point_hwnd=0x2af2122 end_point_hwnd=0x402cc start_hit=0 end_hit=0
[2026-04-09 11:14:51] drag_end hwnd=0x2af2122 start_ok=0 start_last_error=0 before_cursor=(967, 41) after_start_cursor=(965, 40) start_point_hwnd=0x2af2122 after_start_point_hwnd=0x2af2122 capture_after_down=0x0 final_cursor=(944, 17) window=974x547@-6,23 client=958x508@2,54 clip=3840x2160@0,0
[2026-04-09 11:14:52] resize_fail size=1600x900 before=958x508@2,54 after=958x508@2,54 last_error=0 style=0x14cf0000 exstyle=0x40100 path=drag hwnd=0x2af2122 title=ODIN class=UnrealWindow hit=0 window=974x547@-6,23 client=958x508@2,54 path=menu:1600x900
[2026-04-09 11:15:05] menu_choice size=1600x900 target=hwnd=0x2af2122 title=ODIN class=UnrealWindow hit=0 window=974x547@-6,23 client=958x508@2,54 path=menu:1600x900
[2026-04-09 11:15:05] resize_begin size=1600x900 hwnd=0x2af2122 title=ODIN class=UnrealWindow hit=0 window=974x547@-6,23 client=958x508@2,54 path=menu:1600x900
[2026-04-09 11:15:05] drag_begin hwnd=0x2af2122 window=974x547@-6,23 start=(964,566) end=(1606,958) target=1616x939 before_cursor=(955, 38) capture=0x0 clip=3840x2160@0,0 start_point_hwnd=0x2af2122 end_point_hwnd=0x402cc start_hit=0 end_hit=0
[2026-04-09 11:15:06] drag_end hwnd=0x2af2122 start_ok=0 start_last_error=0 before_cursor=(955, 38) after_start_cursor=(955, 38) start_point_hwnd=0x2af2122 after_start_point_hwnd=0x2af2122 capture_after_down=0x0 final_cursor=(955, 35) window=974x547@-6,23 client=958x508@2,54 clip=3840x2160@0,0
[2026-04-09 11:15:06] resize_fail size=1600x900 before=958x508@2,54 after=958x508@2,54 last_error=0 style=0x14cf0000 exstyle=0x40100 path=drag hwnd=0x2af2122 title=ODIN class=UnrealWindow hit=0 window=974x547@-6,23 client=958x508@2,54 path=menu:1600x900
[2026-04-09 11:15:18] menu_choice size=1600x900 target=hwnd=0x2af2122 title=ODIN class=UnrealWindow hit=0 window=974x547@-6,23 client=958x508@2,54 path=menu:1600x900
[2026-04-09 11:15:18] resize_begin size=1600x900 hwnd=0x2af2122 title=ODIN class=UnrealWindow hit=0 window=974x547@-6,23 client=958x508@2,54 path=menu:1600x900
[2026-04-09 11:15:18] drag_begin hwnd=0x2af2122 window=974x547@-6,23 start=(964,566) end=(1606,958) target=1616x939 before_cursor=(934, 34) capture=0x0 clip=3840x2160@0,0 start_point_hwnd=0x2af2122 end_point_hwnd=0x402cc start_hit=0 end_hit=0
[2026-04-09 11:15:18] drag_end hwnd=0x2af2122 start_ok=0 start_last_error=0 before_cursor=(934, 34) after_start_cursor=(934, 34) start_point_hwnd=0x2af2122 after_start_point_hwnd=0x2af2122 capture_after_down=0x0 final_cursor=(918, 23) window=974x547@-6,23 client=958x508@2,54 clip=3840x2160@0,0
[2026-04-09 11:15:19] resize_fail size=1600x900 before=958x508@2,54 after=958x508@2,54 last_error=0 style=0x14cf0000 exstyle=0x40100 path=drag hwnd=0x2af2122 title=ODIN class=UnrealWindow hit=0 window=974x547@-6,23 client=958x508@2,54 path=menu:1600x900
[2026-04-09 11:15:28] menu_choice size=1600x900 target=hwnd=0x2af2122 title=ODIN class=UnrealWindow hit=0 window=974x547@-6,23 client=958x508@2,54 path=menu:1600x900
[2026-04-09 11:15:28] resize_begin size=1600x900 hwnd=0x2af2122 title=ODIN class=UnrealWindow hit=0 window=974x547@-6,23 client=958x508@2,54 path=menu:1600x900
[2026-04-09 11:15:28] drag_begin hwnd=0x2af2122 window=974x547@-6,23 start=(964,566) end=(1606,958) target=1616x939 before_cursor=(955, 27) capture=0x0 clip=3840x2160@0,0 start_point_hwnd=0x2af2122 end_point_hwnd=0x402cc start_hit=0 end_hit=0
[2026-04-09 11:15:28] drag_end hwnd=0x2af2122 start_ok=0 start_last_error=0 before_cursor=(955, 27) after_start_cursor=(955, 25) start_point_hwnd=0x2af2122 after_start_point_hwnd=0x2af2122 capture_after_down=0x0 final_cursor=(947, 24) window=974x547@-6,23 client=958x508@2,54 clip=3840x2160@0,0
[2026-04-09 11:15:28] resize_fail size=1600x900 before=958x508@2,54 after=958x508@2,54 last_error=0 style=0x14cf0000 exstyle=0x40100 path=drag hwnd=0x2af2122 title=ODIN class=UnrealWindow hit=0 window=974x547@-6,23 client=958x508@2,54 path=menu:1600x900
[2026-04-09 11:15:36] menu_choice size=1600x900 target=hwnd=0x2af2122 title=ODIN class=UnrealWindow hit=0 window=974x547@-6,23 client=958x508@2,54 path=menu:1600x900
[2026-04-09 11:15:36] resize_begin size=1600x900 hwnd=0x2af2122 title=ODIN class=UnrealWindow hit=0 window=974x547@-6,23 client=958x508@2,54 path=menu:1600x900
[2026-04-09 11:15:36] drag_begin hwnd=0x2af2122 window=974x547@-6,23 start=(964,566) end=(1606,958) target=1616x939 before_cursor=(936, 34) capture=0x0 clip=3840x2160@0,0 start_point_hwnd=0x2af2122 end_point_hwnd=0x402cc start_hit=0 end_hit=0
[2026-04-09 11:15:36] drag_end hwnd=0x2af2122 start_ok=0 start_last_error=0 before_cursor=(936, 34) after_start_cursor=(936, 34) start_point_hwnd=0x2af2122 after_start_point_hwnd=0x2af2122 capture_after_down=0x0 final_cursor=(936, 33) window=974x547@-6,23 client=958x508@2,54 clip=3840x2160@0,0
[2026-04-09 11:15:37] resize_fail size=1600x900 before=958x508@2,54 after=958x508@2,54 last_error=0 style=0x14cf0000 exstyle=0x40100 path=drag hwnd=0x2af2122 title=ODIN class=UnrealWindow hit=0 window=974x547@-6,23 client=958x508@2,54 path=menu:1600x900
[2026-04-09 11:15:52] menu_choice size=1600x900 target=hwnd=0x2af2122 title=ODIN class=UnrealWindow hit=0 window=974x547@-6,23 client=958x508@2,54 path=menu:1600x900
[2026-04-09 11:15:52] resize_begin size=1600x900 hwnd=0x2af2122 title=ODIN class=UnrealWindow hit=0 window=974x547@-6,23 client=958x508@2,54 path=menu:1600x900
[2026-04-09 11:15:52] drag_begin hwnd=0x2af2122 window=974x547@-6,23 start=(964,566) end=(1606,958) target=1616x939 before_cursor=(927, 31) capture=0x0 clip=3840x2160@0,0 start_point_hwnd=0x2af2122 end_point_hwnd=0x402cc start_hit=0 end_hit=0
[2026-04-09 11:15:53] drag_end hwnd=0x2af2122 start_ok=0 start_last_error=0 before_cursor=(927, 31) after_start_cursor=(927, 31) start_point_hwnd=0x2af2122 after_start_point_hwnd=0x2af2122 capture_after_down=0x0 final_cursor=(927, 31) window=974x547@-6,23 client=958x508@2,54 clip=3840x2160@0,0
[2026-04-09 11:15:53] resize_fail size=1600x900 before=958x508@2,54 after=958x508@2,54 last_error=0 style=0x14cf0000 exstyle=0x40100 path=drag hwnd=0x2af2122 title=ODIN class=UnrealWindow hit=0 window=974x547@-6,23 client=958x508@2,54 path=menu:1600x900
